0 info it worked if it ends with ok
1 verbose cli [ '/usr/local/bin/node', '/usr/local/bin/npm', 'link' ]
2 info using npm@3.6.0
3 info using node@v5.7.0
4 verbose linkPkg /Users/cpbuckingham/instructor/cute_file_browser
5 silly gentlyRm /usr/local/lib/node_modules/cute_file_browser is being purged
6 verbose gentlyRm don't care about contents; nuking /usr/local/lib/node_modules/cute_file_browser
7 verbose link build target /usr/local/lib/node_modules/cute_file_browser
8 silly loadCurrentTree Starting
9 silly install loadCurrentTree
10 silly install readLocalPackageData
11 silly install normalizeTree
12 silly loadCurrentTree Finishing
13 silly loadIdealTree Starting
14 silly install loadIdealTree
15 silly cloneCurrentTree Starting
16 silly install cloneCurrentTreeToIdealTree
17 silly cloneCurrentTree Finishing
18 silly loadShrinkwrap Starting
19 silly install loadShrinkwrap
20 silly loadShrinkwrap Finishing
21 silly loadAllDepsIntoIdealTree Starting
22 silly install loadAllDepsIntoIdealTree
23 silly loadAllDepsIntoIdealTree Finishing
24 silly idealTree:prePrune cute_file_browser@1.0.0
24 silly idealTree:prePrune ├── accepts@1.3.3
24 silly idealTree:prePrune ├── array-flatten@1.1.1
24 silly idealTree:prePrune ├── commander@2.9.0
24 silly idealTree:prePrune ├── content-disposition@0.5.1
24 silly idealTree:prePrune ├── content-type@1.0.2
24 silly idealTree:prePrune ├── cookie-signature@1.0.6
24 silly idealTree:prePrune ├── cookie@0.3.1
24 silly idealTree:prePrune ├── debug@2.2.0
24 silly idealTree:prePrune ├── depd@1.1.0
24 silly idealTree:prePrune ├── destroy@1.0.4
24 silly idealTree:prePrune ├── ee-first@1.1.1
24 silly idealTree:prePrune ├── encodeurl@1.0.1
24 silly idealTree:prePrune ├── escape-html@1.0.3
24 silly idealTree:prePrune ├── etag@1.7.0
24 silly idealTree:prePrune ├── express@4.14.0
24 silly idealTree:prePrune ├── finalhandler@0.5.0
24 silly idealTree:prePrune ├── forwarded@0.1.0
24 silly idealTree:prePrune ├── fresh@0.3.0
24 silly idealTree:prePrune ├── graceful-readlink@1.0.1
24 silly idealTree:prePrune ├── http-errors@1.5.0
24 silly idealTree:prePrune ├── inherits@2.0.1
24 silly idealTree:prePrune ├── ipaddr.js@1.1.1
24 silly idealTree:prePrune ├── media-typer@0.3.0
24 silly idealTree:prePrune ├── merge-descriptors@1.0.1
24 silly idealTree:prePrune ├── methods@1.1.2
24 silly idealTree:prePrune ├── mime-db@1.23.0
24 silly idealTree:prePrune ├── mime-types@2.1.11
24 silly idealTree:prePrune ├── mime@1.3.4
24 silly idealTree:prePrune ├── ms@0.7.1
24 silly idealTree:prePrune ├── negotiator@0.6.1
24 silly idealTree:prePrune ├── on-finished@2.3.0
24 silly idealTree:prePrune ├── parseurl@1.3.1
24 silly idealTree:prePrune ├── path-to-regexp@0.1.7
24 silly idealTree:prePrune ├── proxy-addr@1.1.2
24 silly idealTree:prePrune ├── qs@6.2.0
24 silly idealTree:prePrune ├── range-parser@1.2.0
24 silly idealTree:prePrune ├── send@0.14.1
24 silly idealTree:prePrune ├── serve-static@1.11.1
24 silly idealTree:prePrune ├── setprototypeof@1.0.1
24 silly idealTree:prePrune ├── statuses@1.3.0
24 silly idealTree:prePrune ├── type-is@1.6.13
24 silly idealTree:prePrune ├── unpipe@1.0.0
24 silly idealTree:prePrune ├── utils-merge@1.0.0
24 silly idealTree:prePrune └── vary@1.1.0
25 silly loadIdealTree Finishing
26 silly currentTree cute_file_browser@1.0.0
26 silly currentTree ├── accepts@1.3.3
26 silly currentTree ├── array-flatten@1.1.1
26 silly currentTree ├── commander@2.9.0
26 silly currentTree ├── content-disposition@0.5.1
26 silly currentTree ├── content-type@1.0.2
26 silly currentTree ├── cookie-signature@1.0.6
26 silly currentTree ├── cookie@0.3.1
26 silly currentTree ├── debug@2.2.0
26 silly currentTree ├── depd@1.1.0
26 silly currentTree ├── destroy@1.0.4
26 silly currentTree ├── ee-first@1.1.1
26 silly currentTree ├── encodeurl@1.0.1
26 silly currentTree ├── escape-html@1.0.3
26 silly currentTree ├── etag@1.7.0
26 silly currentTree ├── express@4.14.0
26 silly currentTree ├── finalhandler@0.5.0
26 silly currentTree ├── forwarded@0.1.0
26 silly currentTree ├── fresh@0.3.0
26 silly currentTree ├── graceful-readlink@1.0.1
26 silly currentTree ├── http-errors@1.5.0
26 silly currentTree ├── inherits@2.0.1
26 silly currentTree ├── ipaddr.js@1.1.1
26 silly currentTree ├── media-typer@0.3.0
26 silly currentTree ├── merge-descriptors@1.0.1
26 silly currentTree ├── methods@1.1.2
26 silly currentTree ├── mime-db@1.23.0
26 silly currentTree ├── mime-types@2.1.11
26 silly currentTree ├── mime@1.3.4
26 silly currentTree ├── ms@0.7.1
26 silly currentTree ├── negotiator@0.6.1
26 silly currentTree ├── on-finished@2.3.0
26 silly currentTree ├── parseurl@1.3.1
26 silly currentTree ├── path-to-regexp@0.1.7
26 silly currentTree ├── proxy-addr@1.1.2
26 silly currentTree ├── qs@6.2.0
26 silly currentTree ├── range-parser@1.2.0
26 silly currentTree ├── send@0.14.1
26 silly currentTree ├── serve-static@1.11.1
26 silly currentTree ├── setprototypeof@1.0.1
26 silly currentTree ├── statuses@1.3.0
26 silly currentTree ├── type-is@1.6.13
26 silly currentTree ├── unpipe@1.0.0
26 silly currentTree ├── utils-merge@1.0.0
26 silly currentTree └── vary@1.1.0
27 silly idealTree cute_file_browser@1.0.0
27 silly idealTree ├── accepts@1.3.3
27 silly idealTree ├── array-flatten@1.1.1
27 silly idealTree ├── commander@2.9.0
27 silly idealTree ├── content-disposition@0.5.1
27 silly idealTree ├── content-type@1.0.2
27 silly idealTree ├── cookie-signature@1.0.6
27 silly idealTree ├── cookie@0.3.1
27 silly idealTree ├── debug@2.2.0
27 silly idealTree ├── depd@1.1.0
27 silly idealTree ├── destroy@1.0.4
27 silly idealTree ├── ee-first@1.1.1
27 silly idealTree ├── encodeurl@1.0.1
27 silly idealTree ├── escape-html@1.0.3
27 silly idealTree ├── etag@1.7.0
27 silly idealTree ├── express@4.14.0
27 silly idealTree ├── finalhandler@0.5.0
27 silly idealTree ├── forwarded@0.1.0
27 silly idealTree ├── fresh@0.3.0
27 silly idealTree ├── graceful-readlink@1.0.1
27 silly idealTree ├── http-errors@1.5.0
27 silly idealTree ├── inherits@2.0.1
27 silly idealTree ├── ipaddr.js@1.1.1
27 silly idealTree ├── media-typer@0.3.0
27 silly idealTree ├── merge-descriptors@1.0.1
27 silly idealTree ├── methods@1.1.2
27 silly idealTree ├── mime-db@1.23.0
27 silly idealTree ├── mime-types@2.1.11
27 silly idealTree ├── mime@1.3.4
27 silly idealTree ├── ms@0.7.1
27 silly idealTree ├── negotiator@0.6.1
27 silly idealTree ├── on-finished@2.3.0
27 silly idealTree ├── parseurl@1.3.1
27 silly idealTree ├── path-to-regexp@0.1.7
27 silly idealTree ├── proxy-addr@1.1.2
27 silly idealTree ├── qs@6.2.0
27 silly idealTree ├── range-parser@1.2.0
27 silly idealTree ├── send@0.14.1
27 silly idealTree ├── serve-static@1.11.1
27 silly idealTree ├── setprototypeof@1.0.1
27 silly idealTree ├── statuses@1.3.0
27 silly idealTree ├── type-is@1.6.13
27 silly idealTree ├── unpipe@1.0.0
27 silly idealTree ├── utils-merge@1.0.0
27 silly idealTree └── vary@1.1.0
28 silly generateActionsToTake Starting
29 silly install generateActionsToTake
30 silly generateActionsToTake Finishing
31 silly diffTrees action count 0
32 silly decomposeActions action count 0
33 silly executeActions Starting
34 silly install executeActions
35 silly doSerial global-install 0
36 silly doParallel fetch 0
37 verbose correctMkdir /Users/cpbuckingham/.npm/_locks correctMkdir not in flight; initializing
38 verbose lock using /Users/cpbuckingham/.npm/_locks/staging-fa84a3155464afbb.lock for /Users/cpbuckingham/instructor/cute_file_browser/node_modules/.staging
39 silly doParallel extract 0
40 silly doParallel preinstall 0
41 silly doReverseSerial remove 0
42 silly doSerial move 0
43 silly doSerial finalize 0
44 silly doSerial build 0
45 silly doSerial global-link 0
46 silly doParallel update-linked 0
47 silly doSerial install 0
48 silly doSerial postinstall 0
49 verbose unlock done using /Users/cpbuckingham/.npm/_locks/staging-fa84a3155464afbb.lock for /Users/cpbuckingham/instructor/cute_file_browser/node_modules/.staging
50 silly executeActions Finishing
51 silly rollbackFailedOptional Starting
52 silly rollbackFailedOptional Finishing
53 silly runTopLevelLifecycles Starting
54 silly install runTopLevelLifecycles
55 silly preinstall cute_file_browser@1.0.0 /Users/cpbuckingham/instructor/cute_file_browser/cute_file_browser-8f40c26e
56 info lifecycle cute_file_browser@1.0.0~preinstall: cute_file_browser@1.0.0
57 silly lifecycle cute_file_browser@1.0.0~preinstall: no script for preinstall, continuing
58 silly build cute_file_browser@1.0.0
59 info linkStuff cute_file_browser@1.0.0
60 silly linkStuff cute_file_browser@1.0.0 has /Users/cpbuckingham/instructor as its parent node_modules
61 verbose linkBins cute_file_browser@1.0.0
62 verbose linkMans cute_file_browser@1.0.0
63 silly install cute_file_browser@1.0.0 /Users/cpbuckingham/instructor/cute_file_browser/cute_file_browser-8f40c26e
64 info lifecycle cute_file_browser@1.0.0~install: cute_file_browser@1.0.0
65 silly lifecycle cute_file_browser@1.0.0~install: no script for install, continuing
66 silly postinstall cute_file_browser@1.0.0 /Users/cpbuckingham/instructor/cute_file_browser/cute_file_browser-8f40c26e
67 info lifecycle cute_file_browser@1.0.0~postinstall: cute_file_browser@1.0.0
68 silly lifecycle cute_file_browser@1.0.0~postinstall: no script for postinstall, continuing
69 silly prepublish cute_file_browser@1.0.0 /Users/cpbuckingham/instructor/cute_file_browser/cute_file_browser-8f40c26e
70 info lifecycle cute_file_browser@1.0.0~prepublish: cute_file_browser@1.0.0
71 silly lifecycle cute_file_browser@1.0.0~prepublish: no script for prepublish, continuing
72 silly runTopLevelLifecycles Finishing
73 silly install printInstalled
74 warn cute_file_browser@1.0.0 No repository field.
75 info build /usr/local/lib/node_modules/cute_file_browser
76 info linkStuff cute_file_browser@1.0.0
77 silly linkStuff cute_file_browser@1.0.0 has /usr/local/lib/node_modules as its parent node_modules
78 silly linkStuff cute_file_browser@1.0.0 is part of a global install
79 silly linkStuff cute_file_browser@1.0.0 is installed into a global node_modules
80 silly linkStuff cute_file_browser@1.0.0 is installed into the top-level global node_modules
81 verbose linkBins cute_file_browser@1.0.0
82 verbose link bins [ { 'cute-files': 'cute-files.js' }, '/usr/local/bin', true ]
83 verbose linkMans cute_file_browser@1.0.0
84 silly gentlyRm /usr/local/bin/cute-files is being gently removed
85 silly isEverInside /Users/cpbuckingham/instructor/cute_file_browser is not inside /usr/local
86 silly isEverInside /Users/cpbuckingham/instructor/cute_file_browser is not inside /Users/cpbuckingham/instructor/cute_file_browser/node_modules
87 silly isEverInside /usr/local/bin/cute-files is not inside /Users/cpbuckingham/instructor/cute_file_browser
88 silly isEverInside /usr/local/lib/node_modules/cute-files/cute-files.js is not inside /Users/cpbuckingham/instructor/cute_file_browser
89 silly isEverInside /usr/local/bin/cute-files is not inside /Users/cpbuckingham/instructor/cute_file_browser
90 silly isEverInside /usr/local/lib/node_modules/cute-files/cute-files.js is not inside /Users/cpbuckingham/instructor/cute_file_browser
91 silly gentlyRm parent.path = /Users/cpbuckingham/instructor/cute_file_browser
92 silly gentlyRm parent.managed = /Users/cpbuckingham/instructor/cute_file_browser is in /Users/cpbuckingham/instructor/cute_file_browser
93 silly gentlyRm target.path =  /usr/local/bin/cute-files
94 silly gentlyRm target.symlink = ../lib/node_modules/cute-files/cute-files.js
95 silly gentlyRm target.managed = /usr/local/bin/cute-files is in /usr/local
96 silly gentlyRm target.inParent =  false
97 warn gentlyRm not removing /usr/local/bin/cute-files as it wasn't installed by /Users/cpbuckingham/instructor/cute_file_browser
98 verbose stack Error: EEXIST: file already exists, symlink '../lib/node_modules/cute_file_browser/cute-files.js' -> '/usr/local/bin/cute-files'
98 verbose stack     at Error (native)
99 verbose cwd /Users/cpbuckingham/instructor/cute_file_browser
100 error Darwin 15.6.0
101 error argv "/usr/local/bin/node" "/usr/local/bin/npm" "link"
102 error node v5.7.0
103 error npm  v3.6.0
104 error path ../lib/node_modules/cute_file_browser/cute-files.js
105 error code EEXIST
106 error errno -17
107 error syscall symlink
108 error EEXIST: file already exists, symlink '../lib/node_modules/cute_file_browser/cute-files.js' -> '/usr/local/bin/cute-files'
109 error File exists: ../lib/node_modules/cute_file_browser/cute-files.js
110 error Move it away, and try again.
111 verbose exit [ -17, true ]
